Last Not Complete Stopped@Line 1052 |Cut Mode|  Elapsed: 00:06:26  ConsoleMvSpeed 0.2  FileEndSpeed 0.2    15:47:55  09-20-2017
 File Completed:No  Ln:1052 Max: 15.25, 15.25, 0.80  Min: 0.50, 0.50, 0.00  Offset:no  Brks=1  TBCs: -9.901, 3.824, .240  Props: 1.000, 1.000, 1.000
Last Complete  |Cut Mode|  Elapsed: 00:30:55  ConsoleMvSpeed 0.2  FileEndSpeed 0.2    16:20:31  09-20-2017
 File Completed:Yes Ln:3896 Max: 15.25, 15.25, 0.80  Min: 0.00, 0.00, 0.00  Offset:no  Brks=0  TBCs: -9.901, 3.824, .239  Props: 1.000, 1.000, 1.000
Last Complete  |Cut Mode|  Elapsed: 01:10:07  ConsoleMvSpeed 0.2  FileEndSpeed 0.2    13:34:17  09-21-2017
 File Completed:Yes Ln:3896 Max: 15.25, 15.25, 0.80  Min: 0.00, 0.00, 0.00  Offset:no  Brks=0  TBCs: 1.117, 7.729, -.193  Props: 1.000, 1.000, 1.000
Last Not Complete Stopped@Line 11 |Cut Mode|  Elapsed: 00:00:13  ConsoleMvSpeed 0.2  FileEndSpeed 0.20    13:58:02  09-21-2017
 File Completed:No  Ln:11 Max: 3.03, 1.10,- 0.52  Min: 3.03, 1.10,- 0.52  Offset:no  Brks=0  TBCs: -.913, 7.052, -.065  Props: 1.000, 1.000, -1.050
Last Not Complete Stopped@Line 35 |Cut Mode|  Elapsed: 00:01:00  ConsoleMvSpeed 0.2  FileEndSpeed 0.2    14:16:40  09-21-2017
 File Completed:No  Ln:35 Max: 15.64, 15.64, 0.80  Min: 0.11, 0.11, 0.00  Offset:no  Brks=1  TBCs: -12.042, -4.897, .740  Props: 1.000, 1.000, 1.000
Last Complete  |Cut Mode|  Elapsed: 00:12:06  ConsoleMvSpeed 0.2  FileEndSpeed 0.2    14:30:31  09-21-2017
 File Completed:Yes Ln:54 Max: 15.64, 15.64, 0.80  Min: 0.00, 0.00, 0.00  Offset:no  Brks=0  TBCs: -12.042, -4.897, .748  Props: 1.000, 1.000, 1.000
Last Complete  |Cut Mode|  Elapsed: 00:12:11  ConsoleMvSpeed 0.2  FileEndSpeed 0.2    14:43:24  09-21-2017
 File Completed:Yes Ln:54 Max: 15.64, 15.64, 0.80  Min: 0.00, 0.00, 0.00  Offset:no  Brks=0  TBCs: -12.042, -4.897, .747  Props: 1.000, 1.000, 1.000
Last Complete  |Cut Mode|  Elapsed: 00:00:15  ConsoleMvSpeed 0.2  FileEndSpeed 0.2    14:44:14  09-21-2017
 File Completed:Yes Ln:54 Max: 0.00, 0.00, 0.00  Min: 0.00, 0.00, 0.00  Offset:no  Brks=0  TBCs: -12.042, -4.897, .747  Props: 1.000, 1.000, 1.000
Last Complete  |Cut Mode|  Elapsed: 00:12:17  ConsoleMvSpeed 0.2  FileEndSpeed 0.2    14:57:51  09-21-2017
 File Completed:Yes Ln:54 Max: 15.64, 15.64, 0.80  Min: 0.00, 0.00, 0.00  Offset:no  Brks=0  TBCs: .000, .000, -.001  Props: 1.000, 1.000, 1.000
Last Not Complete Stopped@Line 12 |Cut Mode|  Elapsed: 00:01:27  ConsoleMvSpeed 0.2  FileEndSpeed 0.2    15:02:53  09-21-2017
 File Completed:No  Ln:12 Max: 1.26, 2.63, 0.50  Min: 1.26, 2.63, 0.50  Offset:no  Brks=0  TBCs: .000, .000, -.002  Props: 1.000, 1.000, 1.000
Last Complete  |Cut Mode|  Elapsed: 00:08:28  ConsoleMvSpeed 0.2  FileEndSpeed 0.2    15:12:04  09-21-2017
 File Completed:Yes Ln:49 Max: 15.64, 15.64, 0.80  Min: 0.00, 0.00, 0.00  Offset:no  Brks=0  TBCs: .000, .000, -.002  Props: 1.000, 1.000, 1.000
Last Complete  |Cut Mode|  Elapsed: 00:04:26  ConsoleMvSpeed 0.2  FileEndSpeed 0.2    15:18:17  09-21-2017
 File Completed:Yes Ln:44 Max: 15.64, 15.64, 0.80  Min: 0.00, 0.00, 0.00  Offset:no  Brks=0  TBCs: .000, .000, -.003  Props: 1.000, 1.000, 1.000
