Last Not Complete Stopped@Line 949 |Cut Mode|  Elapsed: 00:00:45  ConsoleMvSpeed 0.05  FileEndSpeed 3.0    15:48:06  09-19-2017
 File Completed:No  Ln:949 Max: 15.25, 15.25, 0.80  Min: 0.50, 0.50, 0.00  Offset:no  Brks=1  TBCs: 3.836, -.310, -1.091  Props: 1.000, 1.000, 1.000
Last Not Complete Stopped@Line 33 |Cut Mode|  Elapsed: 00:00:35  ConsoleMvSpeed 0.05  FileEndSpeed 0.05    15:48:56  09-19-2017
 File Completed:No  Ln:33 Max: 15.25, 15.25, 0.80  Min: 0.50, 0.50, 0.00  Offset:no  Brks=1  TBCs: 3.836, -.310, -1.091  Props: 1.000, 1.000, 1.000
Last Not Complete Stopped@Line 33 |Cut Mode|  Elapsed: 00:00:35  ConsoleMvSpeed 0.05  FileEndSpeed 0.05    15:48:57  09-19-2017
 File Completed:No  Ln:33 Max: 15.25, 15.25, 0.80  Min: 0.50, 0.50, 0.00  Offset:no  Brks=0  TBCs: 3.836, -.310, -1.091  Props: 1.000, 1.000, 1.000
Last Not Complete Stopped@Line 33 |Cut Mode|  Elapsed: 00:00:26  ConsoleMvSpeed .05  FileEndSpeed 0.05    15:49:43  09-19-2017
 File Completed:No  Ln:33 Max: 0.00, 0.00, 0.38  Min: 0.00, 0.00, 0.38  Offset:no  Brks=0  TBCs: 3.836, -.310, -1.091  Props: 1.000, 1.000, 1.000
Last Not Complete Stopped@Line 181 |Cut Mode|  Elapsed: 00:00:29  ConsoleMvSpeed 0.05  FileEndSpeed 3.0    15:51:20  09-19-2017
 File Completed:No  Ln:181 Max: 15.25, 15.25, 0.80  Min: 0.00, 0.00, 0.00  Offset:no  Brks=1  TBCs: .000, .000, .000  Props: 1.000, 1.000, 1.000
Last Not Complete Stopped@Line 2173 |Cut Mode|  Elapsed: 00:10:21  ConsoleMvSpeed 0.05  FileEndSpeed .05    16:03:30  09-19-2017
 File Completed:No  Ln:2173 Max: 15.25, 15.25, 0.80  Min: 0.50, 0.50, 0.00  Offset:no  Brks=1  TBCs: .000, .000, .000  Props: 1.000, 1.000, 1.000
Last Not Complete Stopped@Line 2173 |Cut Mode|  Elapsed: 00:00:22  ConsoleMvSpeed 0.05  FileEndSpeed .05    16:19:06  09-19-2017
 File Completed:No  Ln:2173 Max: 4.00, 4.00, 1.50  Min: 4.00, 4.00, 1.50  Offset:no  Brks=0  TBCs: .000, .000, -.001  Props: 1.000, 1.000, 1.000
Last Not Complete Stopped@Line 11 |Cut Mode|  Elapsed: 00:00:15  ConsoleMvSpeed 0.25  FileEndSpeed 0.25    10:47:16  09-20-2017
 File Completed:No  Ln:11 Max: 0.00, 0.00, 1.50  Min: 0.00, 0.00, 1.50  Offset:no  Brks=0  TBCs: 4.075, -.058, .285  Props: 1.000, 1.000, 1.000
Last Complete  |Cut Mode|  Elapsed: 00:45:29  ConsoleMvSpeed 0.25  FileEndSpeed 0.2    11:38:19  09-20-2017
 File Completed:Yes Ln:11226 Max: 15.25, 15.25, 0.80  Min: 0.00, 0.00, 0.00  Offset:no  Brks=0  TBCs: 4.075, -.058, .701  Props: 1.000, 1.000, 1.000
Last Not Complete Stopped@Line 2083 |Cut Mode|  Elapsed: 00:03:04  ConsoleMvSpeed 0.25  FileEndSpeed 0.2    12:15:58  09-20-2017
 File Completed:No  Ln:2083 Max: 15.25, 15.25, 0.80  Min: 0.50, 0.50, 0.00  Offset:no  Brks=1  TBCs: 3.825, -.308, .762  Props: 1.000, 1.000, 1.000
Last Not Complete Stopped@Line 6426 |Cut Mode|  Elapsed: 00:16:55  ConsoleMvSpeed 0.25  FileEndSpeed 0.2    12:34:29  09-20-2017
 File Completed:No  Ln:6426 Max: 15.25, 15.25, 0.80  Min: 0.50, 0.50, 0.00  Offset:no  Brks=1  TBCs: 3.825, -.308, .761  Props: 1.000, 1.000, 1.000
Last Complete  |Cut Mode|  Elapsed: 00:46:24  ConsoleMvSpeed 0.25  FileEndSpeed 0.2    13:29:30  09-20-2017
 File Completed:Yes Ln:11226 Max: 15.25, 15.25, 0.80  Min: 0.00, 0.00, 0.00  Offset:no  Brks=0  TBCs: 3.825, -.308, .761  Props: 1.000, 1.000, 1.000
Last Complete  |Cut Mode|  Elapsed: 00:48:29  ConsoleMvSpeed 0.2  FileEndSpeed 0.2    17:10:20  09-20-2017
 File Completed:Yes Ln:11226 Max: 15.25, 15.25, 0.80  Min: 0.00, 0.00, 0.00  Offset:no  Brks=0  TBCs: -9.901, 3.824, .238  Props: 1.000, 1.000, 1.000
